<?xml version="1.0" encoding="UTF-8"?>
<!-- Generated by org.testng.reporters.JUnitXMLReporter -->
<testsuite hostname="RC04" ignored="0" name="Test" tests="5" failures="0" timestamp="2020-06-27T10:02:50 CEST" time="0.051" errors="0">
  <testcase name="logIn" time="0.004" classname="login.LoginNormalTest"/>
  <testcase name="clickButton" time="0.001" classname="login.LoginNormalTest"/>
  <testcase name="getUrl" time="0.001" classname="login.LoginNormalTest"/>
  <testcase name="logAdmin" time="0.001" classname="login.AdminLogTest"/>
  <testcase name="logOutAdmin" time="0.003" classname="login.AdminLogTest"/>
</testsuite> <!-- Test -->
